#
# There is insufficient memory for the Java Runtime Environment to continue.
# Native memory allocation (malloc) failed to allocate 480104 bytes for AllocateHeap
# Possible reasons:
#   The system is out of physical RAM or swap space
#   In 32 bit mode, the process size limit was hit
# Possible solutions:
#   Reduce memory load on the system
#   Increase physical memory or swap space
#   Check if swap backing store is full
#   Use 64 bit Java on a 64 bit OS
#   Decrease Java heap size (-Xmx/-Xms)
#   Decrease number of Java threads
#   Decrease Java thread stack sizes (-Xss)
#   Set larger code cache with -XX:ReservedCodeCacheSize=
# This output file may be truncated or incomplete.
#
#  Out of Memory Error (memory/allocation.inline.hpp:61), pid=15364, tid=9416
#
# JRE version:  (8.0_66-b18) (build )
# Java VM: Java HotSpot(TM) 64-Bit Server VM (25.66-b18 mixed mode windows-amd64 compressed oops)
# Failed to write core dump. Minidumps are not enabled by default on client versions of Windows
#

---------------  T H R E A D  ---------------

Current thread (0x0000000001e0e000):  JavaThread "Unknown thread" [_thread_in_vm, id=9416, stack(0x00000000021d0000,0x00000000022d0000)]

Stack: [0x00000000021d0000,0x00000000022d0000]
[error occurred during error reporting (printing stack bounds), id 0xc0000005]

Native frames: (J=compiled Java code, j=interpreted, Vv=VM code, C=native code)


---------------  P R O C E S S  ---------------

Java Threads: ( => current thread )

Other Threads:

=>0x0000000001e0e000 (exited) JavaThread "Unknown thread" [_thread_in_vm, id=9416, stack(0x00000000021d0000,0x00000000022d0000)]

VM state:not at safepoint (not fully initialized)

VM Mutex/Monitor currently owned by a thread: None

GC Heap History (0 events):
No events

Deoptimization events (0 events):
No events

Internal exceptions (0 events):
No events

Events (0 events):
No events


Dynamic libraries:
0x000000013ff30000 - 0x000000013ff67000 	C:\Program Files\Java\jre1.8.0_66\bin\javaw.exe
0x0000000076f10000 - 0x00000000770b9000 	C:\windows\SYSTEM32\ntdll.dll
0x0000000076df0000 - 0x0000000076f0f000 	C:\windows\system32\kernel32.dll
0x000007fefce60000 - 0x000007fefcecc000 	C:\windows\system32\KERNELBASE.dll
0x000007fefd860000 - 0x000007fefd93b000 	C:\windows\system32\ADVAPI32.dll
0x000007fefee90000 - 0x000007fefef2f000 	C:\windows\system32\msvcrt.dll
0x000007fefd430000 - 0x000007fefd44f000 	C:\windows\SYSTEM32\sechost.dll
0x000007fefea60000 - 0x000007fefeb8d000 	C:\windows\system32\RPCRT4.dll
0x0000000076cf0000 - 0x0000000076dea000 	C:\windows\system32\USER32.dll
0x000007fefd450000 - 0x000007fefd4b7000 	C:\windows\system32\GDI32.dll
0x000007fefd940000 - 0x000007fefd94e000 	C:\windows\system32\LPK.dll
0x000007fefef30000 - 0x000007fefeff9000 	C:\windows\system32\USP10.dll
0x000007fefb380000 - 0x000007fefb574000 	C:\windows\WinSxS\amd64_microsoft.windows.common-controls_6595b64144ccf1df_6.0.7601.18837_none_fa3b1e3d17594757\COMCTL32.dll
0x000007feff010000 - 0x000007feff081000 	C:\windows\system32\SHLWAPI.dll
0x000007fefd830000 - 0x000007fefd85e000 	C:\windows\system32\IMM32.DLL
0x000007fefd720000 - 0x000007fefd829000 	C:\windows\system32\MSCTF.dll
0x000000005e680000 - 0x000000005e752000 	C:\Program Files\Java\jre1.8.0_66\bin\msvcr100.dll
0x000000005e760000 - 0x000000005efe9000 	C:\Program Files\Java\jre1.8.0_66\bin\server\jvm.dll
0x000007fefc050000 - 0x000007fefc059000 	C:\windows\system32\WSOCK32.dll
0x000007fefe990000 - 0x000007fefe9dd000 	C:\windows\system32\WS2_32.dll
0x000007feff000000 - 0x000007feff008000 	C:\windows\system32\NSI.dll
0x000007fefaae0000 - 0x000007fefab1b000 	C:\windows\system32\WINMM.dll
0x000007fefba10000 - 0x000007fefba1c000 	C:\windows\system32\VERSION.dll
0x00000000770e0000 - 0x00000000770e7000 	C:\windows\system32\PSAPI.DLL
0x00000000743f0000 - 0x00000000743ff000 	C:\Program Files\Java\jre1.8.0_66\bin\verify.dll
0x000000005fdd0000 - 0x000000005fdf9000 	C:\Program Files\Java\jre1.8.0_66\bin\java.dll
0x000000005fdb0000 - 0x000000005fdc6000 	C:\Program Files\Java\jre1.8.0_66\bin\zip.dll

VM Arguments:
jvm_args: -Dfile.encoding=Cp1252 
java_command: Gameplay
java_class_path (initial): C:\Users\Emjei\Documents\RocketDock Items\Folders\College\15-16\Fall Semester\Computer Science 111\Blackjack\bin
Launcher Type: SUN_STANDARD

Environment Variables:
PATH=C:/Program Files/Java/jre1.8.0_66/bin/server;C:/Program Files/Java/jre1.8.0_66/bin;C:/Program Files/Java/jre1.8.0_66/lib/amd64;C:\ProgramData\Oracle\Java\javapath;C:\Program Files\Common Files\Microsoft Shared\Windows Live;C:\Program Files (x86)\Common Files\Microsoft Shared\Windows Live;C:\windows\system32;C:\windows;C:\windows\System32\Wbem;C:\windows\System32\WindowsPowerShell\v1.0\;C:\Program Files (x86)\EgisTec BioExcess\x64;C:\Program Files (x86)\EgisTec BioExcess\;C:\Program Files (x86)\EgisTec Port Locker\x64;C:\Program Files (x86)\EgisTec Port Locker\;C:\Program Files (x86)\Windows Live\Shared;C:\Program Files (x86)\Calibre2\;C:\Program Files (x86)\Toshiba\Bluetooth Toshiba Stack\sys\;C:\Program Files (x86)\Toshiba\Bluetooth Toshiba Stack\sys\x64\;C:\Program Files (x86)\Intel\OpenCL SDK\2.0\bin\x86;C:\Program Files (x86)\Intel\OpenCL SDK\2.0\bin\x64;C:\Program Files (x86)\Windows Kits\8.0\Windows Performance Toolkit\;C:\Program Files\Perforce;C:\Program Files (x86)\QuickTime\QTSystem\;C:\Program Files (x86)\PharosSystems\Core;C:\Program Files\Perforce\Server;C:\Users\Emjei\Documents\RocketDock Items\Folders\College\Eclipse;
USERNAME=Emjei
OS=Windows_NT
PROCESSOR_IDENTIFIER=Intel64 Family 6 Model 42 Stepping 7, GenuineIntel



---------------  S Y S T E M  ---------------

OS: Windows 7 , 64 bit Build 7601 (6.1.7601.18933)

CPU:total 4 (2 cores per cpu, 2 threads per core) family 6 model 42 stepping 7, cmov, cx8, fxsr, mmx, sse, sse2, sse3, ssse3, sse4.1, sse4.2, popcnt, avx, clmul, ht, tsc, tscinvbit

Memory: 4k page, physical 4106384k(1009348k free), swap 8157524k(20756k free)

vm_info: Java HotSpot(TM) 64-Bit Server VM (25.66-b18) for windows-amd64 JRE (1.8.0_66-b18), built on Nov  9 2015 10:51:13 by "java_re" with MS VC++ 10.0 (VS2010)

time: Fri Jan 15 13:31:50 2016
elapsed time: 0 seconds (0d 0h 0m 0s)

